1.000000000000000021e-02
1.125335582600765078e-02
1.266380173467403399e-02
1.425102670302997795e-02
1.603718743751330125e-02
1.804721766827170268e-02
2.030917620904735751e-02
2.285463864134990725e-02
2.571913809059344497e-02
2.894266124716750321e-02
3.257020655659782771e-02
3.665241237079627790e-02
4.124626382901352278e-02
4.641588833612777382e-02
5.223345074266843441e-02
5.878016072274912240e-02
6.614740641230149043e-02
7.443803013251688860e-02
8.376776400682915680e-02
9.426684551178854399e-02
1.060818355139448305e-01
1.193776641714436315e-01
1.343399332598900209e-01
1.511775070615662409e-01
1.701254279852589257e-01
1.914481976169957467e-01
2.154434690031883370e-01
2.424462017082328336e-01
2.728333376486767881e-01
3.070290629757849721e-01
3.455107294592218437e-01
3.888155180308087155e-01
4.375479375074184385e-01
4.923882631706739121e-01
5.541020330009491790e-01
6.235507341273912596e-01
7.017038286703826122e-01
7.896522868499724623e-01
8.886238162743402835e-01
1.000000000000000000e+00
